Arguments: 
  /home/patrick/.nvm/versions/node/v12.16.1/bin/node /home/patrick/.nvm/versions/node/v12.16.1/bin/yarn add node-bunyan

PATH: 
  /home/patrick/.vscode-server/bin/ff915844119ce9485abfe8aa9076ec76b5300ddd/bin:/home/patrick/.local/bin:/home/patrick/.vscode-server/bin/ff915844119ce9485abfe8aa9076ec76b5300ddd/bin:/home/patrick/.nvm/versions/node/v12.16.1/bin:/usr/local/sbin:/usr/local/bin:/usr/sbin:/usr/bin:/sbin:/bin:/usr/games:/usr/local/games:/home/patrick/.yarn/bin:/home/patrick/bin:/home/linuxbrew/.linuxbrew/bin:/home/linuxbrew/.linuxbrew/sbin:/usr/local/bin:/usr/local/sbin:/opt/*/*bin:/snap/bin:/home/patrick/.yarn/bin:/home/patrick/bin:/home/linuxbrew/.linuxbrew/bin:/home/linuxbrew/.linuxbrew/sbin:/usr/local/bin:/usr/local/sbin:/opt/*/*bin:/home/patrick/.yarn/bin:/home/patrick/bin:/home/linuxbrew/.linuxbrew/bin:/home/linuxbrew/.linuxbrew/sbin:/usr/local/bin:/usr/local/sbin:/opt/*/*bin

Yarn version: 
  1.22.4

Node version: 
  12.16.1

Platform: 
  linux x64

Trace: 
  Error: https://registry.yarnpkg.com/node-bunyan: Not found
      at Request.params.callback [as _callback] (/home/patrick/.nvm/versions/node/v12.16.1/lib/node_modules/yarn/lib/cli.js:66987:18)
      at Request.self.callback (/home/patrick/.nvm/versions/node/v12.16.1/lib/node_modules/yarn/lib/cli.js:140748:22)
      at Request.emit (events.js:311:20)
      at Request.<anonymous> (/home/patrick/.nvm/versions/node/v12.16.1/lib/node_modules/yarn/lib/cli.js:141720:10)
      at Request.emit (events.js:311:20)
      at IncomingMessage.<anonymous> (/home/patrick/.nvm/versions/node/v12.16.1/lib/node_modules/yarn/lib/cli.js:141642:12)
      at Object.onceWrapper (events.js:417:28)
      at IncomingMessage.emit (events.js:323:22)
      at endReadableNT (_stream_readable.js:1204:12)
      at processTicksAndRejections (internal/process/task_queues.js:84:21)

npm manifest: 
  {
    "name": "@caremesh/mllp",
    "version": "2.0.1",
    "description": "Fork of MLLP node with support for Node versions greater than 8.x.  Other bug fixes may follow, or it may be discontinued if the main branch updates.",
    "main": "index.js",
    "scripts": {
      "test": "echo \"Error: no test specified\" && exit 1"
    },
    "author": "Patrick Narkinsky <patrick@caremesh.com>",
    "repository": {
      "type": "git",
      "url": "git@github.com:caremesh/mllp.git"
    },
    "bugs": {
      "url": "https://github.com/amida-tech/mllp/issues"
    },
    "license": "Apache-2.0",
    "devDependencies": {
      "chai": "4.1.x",
      "chai-datetime": "1.5.x",
      "coveralls": "3.0.x",
      "grunt": "1.0.x",
      "grunt-contrib-jshint": "1.1.x",
      "grunt-contrib-watch": "1.1.x",
      "grunt-coveralls": "*",
      "grunt-istanbul-coverage": "*",
      "grunt-jsbeautifier": "^0.2.x",
      "grunt-mocha-test": "0.13.x",
      "mocha": "5.2.x",
      "mocha-lcov-reporter": "1.3.x"
    },
    "engines": {
      "node": ">=8.x.x"
    },
    "dependencies": {
      "hl7": "1.x.x"
    }
  }

yarn manifest: 
  No manifest

Lockfile: 
  No lockfile
